❯ cd Downloads
❯ chmod 400 first.pem
❯ ssh -i first.pem ec2-65-0-173-149.ap-south-1.compute.amazonaws.com
The authenticity of host 'ec2-65-0-173-149.ap-south-1.compute.amazonaws.com (65.0.173.149)' can't be established.
ED25519 key fingerprint is SHA256:gzPIoGQJqEjaJGjfTTTxpv78WB5tpvANsk8J2twtt1c.
This key is not known by any other names.
Are you sure you want to continue connecting (yes/no/[fingerprint])? yes
Warning: Permanently added 'ec2-65-0-173-149.ap-south-1.compute.amazonaws.com' (ED25519) to the list of known hosts.
adityag@ec2-65-0-173-149.ap-south-1.compute.amazonaws.com: Permission denied (publickey,gssapi-keyex,gssapi-with-mic).
❯ ssh -i first.pem ec2-65-0-173-149.ap-south-1.compute.amazonaws.com
adityag@ec2-65-0-173-149.ap-south-1.compute.amazonaws.com: Permission denied (publickey,gssapi-keyex,gssapi-with-mic).
❯ ssh -i first.pem ec2-65-0-173-149.ap-south-1.compute.amazonaws.com
^C
❯ ssh -i first.pem ec2-65-0-173-149.ap-south-1.compute.amazonaws.com
^C
❯ ssh -i "first.pem" ec2-user@ec2-65-0-173-149.ap-south-1.compute.amazonaws.com
^C
❯ 
❯ ssh -i "first.pem" ec2-user@ec2-3-7-45-217.ap-south-1.compute.amazonaws.com
The authenticity of host 'ec2-3-7-45-217.ap-south-1.compute.amazonaws.com (3.7.45.217)' can't be established.
ED25519 key fingerprint is SHA256:5MXtZpwFyG2weyykd+JQCaT4upBR1lae2y93XdliqA0.
This key is not known by any other names.
Are you sure you want to continue connecting (yes/no/[fingerprint])? yes
Warning: Permanently added 'ec2-3-7-45-217.ap-south-1.compute.amazonaws.com' (ED25519) to the list of known hosts.

       __|  __|_  )
       _|  (     /   Amazon Linux 2 AMI
      ___|\___|___|

https://aws.amazon.com/amazon-linux-2/
24 package(s) needed for security, out of 33 available
Run "sudo yum update" to apply all updates.
[ec2-user@ip-172-31-4-42 ~]$ git clone https://github.com/lanl/quantum_algorithms.git
-bash: git: command not found
[ec2-user@ip-172-31-4-42 ~]$ sudo yum install git
Loaded plugins: extras_suggestions, langpacks, priorities, update-motd
Resolving Dependencies
--> Running transaction check
---> Package git.x86_64 0:2.37.1-1.amzn2.0.1 will be installed
--> Processing Dependency: perl-Git = 2.37.1-1.amzn2.0.1 for package: git-2.37.1-1.amzn2.0.1.x86_64
--> Processing Dependency: git-core-doc = 2.37.1-1.amzn2.0.1 for package: git-2.37.1-1.amzn2.0.1.x86_64
--> Processing Dependency: git-core = 2.37.1-1.amzn2.0.1 for package: git-2.37.1-1.amzn2.0.1.x86_64
--> Processing Dependency: perl(Term::ReadKey) for package: git-2.37.1-1.amzn2.0.1.x86_64
--> Processing Dependency: perl(Git::I18N) for package: git-2.37.1-1.amzn2.0.1.x86_64
--> Processing Dependency: perl(Git) for package: git-2.37.1-1.amzn2.0.1.x86_64
--> Running transaction check
---> Package git-core.x86_64 0:2.37.1-1.amzn2.0.1 will be installed
---> Package git-core-doc.noarch 0:2.37.1-1.amzn2.0.1 will be installed
---> Package perl-Git.noarch 0:2.37.1-1.amzn2.0.1 will be installed
--> Processing Dependency: perl(Error) for package: perl-Git-2.37.1-1.amzn2.0.1.noarch
---> Package perl-TermReadKey.x86_64 0:2.30-20.amzn2.0.2 will be installed
--> Running transaction check
---> Package perl-Error.noarch 1:0.17020-2.amzn2 will be installed
--> Finished Dependency Resolution

Dependencies Resolved

=============================================================================================================================
 Package                          Arch                   Version                            Repository                  Size
=============================================================================================================================
Installing:
 git                              x86_64                 2.37.1-1.amzn2.0.1                 amzn2-core                  71 k
Installing for dependencies:
 git-core                         x86_64                 2.37.1-1.amzn2.0.1                 amzn2-core                 6.4 M
 git-core-doc                     noarch                 2.37.1-1.amzn2.0.1                 amzn2-core                 2.8 M
 perl-Error                       noarch                 1:0.17020-2.amzn2                  amzn2-core                  32 k
 perl-Git                         noarch                 2.37.1-1.amzn2.0.1                 amzn2-core                  46 k
 perl-TermReadKey                 x86_64                 2.30-20.amzn2.0.2                  amzn2-core                  31 k

Transaction Summary
=============================================================================================================================
Install  1 Package (+5 Dependent packages)

Total download size: 9.3 M
Installed size: 40 M
Is this ok [y/d/N]: y
Downloading packages:
(1/6): git-2.37.1-1.amzn2.0.1.x86_64.rpm                                                              |  71 kB  00:00:00     
(2/6): git-core-doc-2.37.1-1.amzn2.0.1.noarch.rpm                                                     | 2.8 MB  00:00:00     
(3/6): perl-Error-0.17020-2.amzn2.noarch.rpm                                                          |  32 kB  00:00:00     
(4/6): git-core-2.37.1-1.amzn2.0.1.x86_64.rpm                                                         | 6.4 MB  00:00:00     
(5/6): perl-Git-2.37.1-1.amzn2.0.1.noarch.rpm                                                         |  46 kB  00:00:00     
(6/6): perl-TermReadKey-2.30-20.amzn2.0.2.x86_64.rpm                                                  |  31 kB  00:00:00     
-----------------------------------------------------------------------------------------------------------------------------
Total                                                                                         35 MB/s | 9.3 MB  00:00:00     
Running transaction check
Running transaction test
Transaction test succeeded
Running transaction
  Installing : git-core-2.37.1-1.amzn2.0.1.x86_64                                                                        1/6 
  Installing : git-core-doc-2.37.1-1.amzn2.0.1.noarch                                                                    2/6 
  Installing : 1:perl-Error-0.17020-2.amzn2.noarch                                                                       3/6 
  Installing : perl-TermReadKey-2.30-20.amzn2.0.2.x86_64                                                                 4/6 
  Installing : perl-Git-2.37.1-1.amzn2.0.1.noarch                                                                        5/6 
  Installing : git-2.37.1-1.amzn2.0.1.x86_64                                                                             6/6 
  Verifying  : perl-TermReadKey-2.30-20.amzn2.0.2.x86_64                                                                 1/6 
  Verifying  : git-core-doc-2.37.1-1.amzn2.0.1.noarch                                                                    2/6 
  Verifying  : perl-Git-2.37.1-1.amzn2.0.1.noarch                                                                        3/6 
  Verifying  : git-2.37.1-1.amzn2.0.1.x86_64                                                                             4/6 
  Verifying  : git-core-2.37.1-1.amzn2.0.1.x86_64                                                                        5/6 
  Verifying  : 1:perl-Error-0.17020-2.amzn2.noarch                                                                       6/6 

Installed:
  git.x86_64 0:2.37.1-1.amzn2.0.1                                                                                            

Dependency Installed:
  git-core.x86_64 0:2.37.1-1.amzn2.0.1   git-core-doc.noarch 0:2.37.1-1.amzn2.0.1      perl-Error.noarch 1:0.17020-2.amzn2  
  perl-Git.noarch 0:2.37.1-1.amzn2.0.1   perl-TermReadKey.x86_64 0:2.30-20.amzn2.0.2  

Complete!
[ec2-user@ip-172-31-4-42 ~]$ git clone https://github.com/lanl/quantum_algorithms.git
Cloning into 'quantum_algorithms'...
remote: Enumerating objects: 359, done.
remote: Counting objects: 100% (78/78), done.
remote: Compressing objects: 100% (40/40), done.
remote: Total 359 (delta 71), reused 38 (delta 38), pack-reused 281
Receiving objects: 100% (359/359), 332.19 KiB | 771.00 KiB/s, done.
Resolving deltas: 100% (185/185), done.
[ec2-user@ip-172-31-4-42 ~]$ cd quantum_algorithms/
[ec2-user@ip-172-31-4-42 quantum_algorithms]$ cd subroutines/
[ec2-user@ip-172-31-4-42 subroutines]$ ls
bell.py             Grover          minima_finding  QAOA                  quantum_tomography  Shor
Bernstein_Vazirani  linear_systems  period_finding  quantum_maximum_flow  QuantumWalk.py
[ec2-user@ip-172-31-4-42 subroutines]$ python bell.py 
Traceback (most recent call last):
  File "bell.py", line 3, in <module>
    import numpy as np
ImportError: No module named numpy
[ec2-user@ip-172-31-4-42 subroutines]$ pip --version
-bash: pip: command not found
[ec2-user@ip-172-31-4-42 subroutines]$ python --version
Python 2.7.18
[ec2-user@ip-172-31-4-42 subroutines]$ python3 bell.py 
Traceback (most recent call last):
  File "bell.py", line 3, in <module>
    import numpy as np
ModuleNotFoundError: No module named 'numpy'
[ec2-user@ip-172-31-4-42 subroutines]$ pip3 install numpy qiskit-ibm-runtime
Defaulting to user installation because normal site-packages is not writeable
Collecting numpy
  Downloading numpy-1.21.6-cp37-cp37m-manylinux_2_12_x86_64.manylinux2010_x86_64.whl (15.7 MB)
     |████████████████████████████████| 15.7 MB 19.0 MB/s 
Collecting qiskit-ibm-runtime
  Downloading qiskit_ibm_runtime-0.8.0-py3-none-any.whl (190 kB)
     |████████████████████████████████| 190 kB 39.2 MB/s 
Collecting typing-extensions>=4.0.0
  Downloading typing_extensions-4.4.0-py3-none-any.whl (26 kB)
Collecting requests-ntlm>=1.1.0
  Downloading requests_ntlm-1.1.0-py2.py3-none-any.whl (5.7 kB)
Collecting websocket-client<=1.3.3
  Downloading websocket_client-1.3.3-py3-none-any.whl (54 kB)
     |████████████████████████████████| 54 kB 4.3 MB/s 
Collecting python-dateutil>=2.8.0
  Downloading python_dateutil-2.8.2-py2.py3-none-any.whl (247 kB)
     |████████████████████████████████| 247 kB 34.5 MB/s 
Collecting qiskit-terra>=0.22
  Downloading qiskit_terra-0.22.2-cp37-cp37m-manylinux_2_17_x86_64.manylinux2014_x86_64.whl (4.8 MB)
     |████████████████████████████████| 4.8 MB 36.2 MB/s 
Collecting ibm-platform-services>=0.22.6
  Downloading ibm-platform-services-0.28.4.tar.gz (234 kB)
     |████████████████████████████████| 234 kB 34.2 MB/s 
Collecting requests>=2.19
  Downloading requests-2.28.1-py3-none-any.whl (62 kB)
     |████████████████████████████████| 62 kB 2.8 MB/s 
Collecting urllib3>=1.21.1
  Downloading urllib3-1.26.12-py2.py3-none-any.whl (140 kB)
     |████████████████████████████████| 140 kB 40.3 MB/s 
Collecting ntlm-auth>=1.0.2
  Downloading ntlm_auth-1.5.0-py2.py3-none-any.whl (29 kB)
Collecting cryptography>=1.3
  Downloading cryptography-38.0.3-cp36-abi3-manylinux_2_17_x86_64.manylinux2014_x86_64.whl (4.2 MB)
     |████████████████████████████████| 4.2 MB 30.5 MB/s 
Collecting six>=1.5
  Downloading six-1.16.0-py2.py3-none-any.whl (11 kB)
Collecting stevedore>=3.0.0
  Downloading stevedore-3.5.2-py3-none-any.whl (50 kB)
     |████████████████████████████████| 50 kB 10.2 MB/s 
Collecting importlib-metadata<5.0; python_version < "3.8"
  Downloading importlib_metadata-4.13.0-py3-none-any.whl (23 kB)
Collecting dill>=0.3
  Downloading dill-0.3.6-py3-none-any.whl (110 kB)
     |████████████████████████████████| 110 kB 34.1 MB/s 
Collecting retworkx>=0.11.0
  Downloading retworkx-0.12.0-py3-none-any.whl (10 kB)
Collecting symengine>=0.9; platform_machine == "x86_64" or platform_machine == "aarch64" or platform_machine == "ppc64le" or platform_machine == "amd64" or platform_machine == "arm64"
  Downloading symengine-0.9.2-cp37-cp37m-manylinux2010_x86_64.whl (37.5 MB)
     |████████████████████████████████| 37.5 MB 39 kB/s 
Collecting sympy>=1.3
  Downloading sympy-1.10.1-py3-none-any.whl (6.4 MB)
     |████████████████████████████████| 6.4 MB 31.6 MB/s 
Collecting shared-memory38; python_version < "3.8"
  Downloading shared_memory38-0.1.2-cp37-cp37m-manylinux_2_5_x86_64.manylinux1_x86_64.whl (25 kB)
Collecting psutil>=5
  Downloading psutil-5.9.4-cp36-abi3-manylinux_2_12_x86_64.manylinux2010_x86_64.manylinux_2_17_x86_64.manylinux2014_x86_64.whl (280 kB)
     |████████████████████████████████| 280 kB 35.5 MB/s 
Collecting tweedledum<2.0,>=1.1; python_version < "3.11" and (platform_machine != "arm64" or sys_platform != "darwin")
  Downloading tweedledum-1.1.1-cp37-cp37m-manylinux_2_12_x86_64.manylinux2010_x86_64.whl (943 kB)
     |████████████████████████████████| 943 kB 29.9 MB/s 
Collecting ply>=3.10
  Downloading ply-3.11-py2.py3-none-any.whl (49 kB)
     |████████████████████████████████| 49 kB 12.0 MB/s 
Collecting scipy>=1.5
  Downloading scipy-1.7.3-cp37-cp37m-manylinux_2_12_x86_64.manylinux2010_x86_64.whl (38.1 MB)
     |████████████████████████████████| 38.1 MB 368 kB/s 
Collecting ibm_cloud_sdk_core<4.0.0,>=3.16.0
  Downloading ibm_cloud_sdk_core-3.16.0-py3-none-any.whl (83 kB)
     |████████████████████████████████| 83 kB 4.8 MB/s 
Collecting idna<4,>=2.5
  Downloading idna-3.4-py3-none-any.whl (61 kB)
     |████████████████████████████████| 61 kB 249 kB/s 
Collecting certifi>=2017.4.17
  Downloading certifi-2022.9.24-py3-none-any.whl (161 kB)
     |████████████████████████████████| 161 kB 36.2 MB/s 
Collecting charset-normalizer<3,>=2
  Downloading charset_normalizer-2.1.1-py3-none-any.whl (39 kB)
Collecting cffi>=1.12
  Downloading cffi-1.15.1-cp37-cp37m-manylinux_2_17_x86_64.manylinux2014_x86_64.whl (427 kB)
     |████████████████████████████████| 427 kB 31.6 MB/s 
Collecting pbr!=2.1.0,>=2.0.0
  Downloading pbr-5.11.0-py2.py3-none-any.whl (112 kB)
     |████████████████████████████████| 112 kB 36.3 MB/s 
Collecting zipp>=0.5
  Downloading zipp-3.10.0-py3-none-any.whl (6.2 kB)
Collecting rustworkx==0.12.0
  Downloading rustworkx-0.12.0-cp37-cp37m-manylinux_2_17_x86_64.manylinux2014_x86_64.whl (1.9 MB)
     |████████████████████████████████| 1.9 MB 28.4 MB/s 
Collecting mpmath>=0.19
  Downloading mpmath-1.2.1-py3-none-any.whl (532 kB)
     |████████████████████████████████| 532 kB 32.7 MB/s 
Collecting PyJWT<3.0.0,>=2.4.0
  Downloading PyJWT-2.6.0-py3-none-any.whl (20 kB)
Collecting pycparser
  Downloading pycparser-2.21-py2.py3-none-any.whl (118 kB)
     |████████████████████████████████| 118 kB 36.5 MB/s 
Using legacy 'setup.py install' for ibm-platform-services, since package 'wheel' is not installed.
Installing collected packages: numpy, typing-extensions, ntlm-auth, idna, certifi, charset-normalizer, urllib3, requests, pycparser, cffi, cryptography, requests-ntlm, websocket-client, six, python-dateutil, zipp, importlib-metadata, pbr, stevedore, dill, rustworkx, retworkx, symengine, mpmath, sympy, shared-memory38, psutil, tweedledum, ply, scipy, qiskit-terra, PyJWT, ibm-cloud-sdk-core, ibm-platform-services, qiskit-ibm-runtime
    Running setup.py install for ibm-platform-services ... done
Successfully installed PyJWT-2.6.0 certifi-2022.9.24 cffi-1.15.1 charset-normalizer-2.1.1 cryptography-38.0.3 dill-0.3.6 ibm-cloud-sdk-core-3.16.0 ibm-platform-services-0.28.4 idna-3.4 importlib-metadata-4.13.0 mpmath-1.2.1 ntlm-auth-1.5.0 numpy-1.21.6 pbr-5.11.0 ply-3.11 psutil-5.9.4 pycparser-2.21 python-dateutil-2.8.2 qiskit-ibm-runtime-0.8.0 qiskit-terra-0.22.2 requests-2.28.1 requests-ntlm-1.1.0 retworkx-0.12.0 rustworkx-0.12.0 scipy-1.7.3 shared-memory38-0.1.2 six-1.16.0 stevedore-3.5.2 symengine-0.9.2 sympy-1.10.1 tweedledum-1.1.1 typing-extensions-4.4.0 urllib3-1.26.12 websocket-client-1.3.3 zipp-3.10.0
[ec2-user@ip-172-31-4-42 subroutines]$ python3 bell.py 
Traceback (most recent call last):
  File "/home/ec2-user/.local/lib/python3.7/site-packages/qiskit/__init__.py", line 115, in __getattr__
    from qiskit.providers import aer
ImportError: cannot import name 'aer' from 'qiskit.providers' (/home/ec2-user/.local/lib/python3.7/site-packages/qiskit/providers/__init__.py)

The above exception was the direct cause of the following exception:

Traceback (most recent call last):
  File "bell.py", line 20, in <module>
    simulator = Aer.get_backend('qasm_simulator')
  File "/home/ec2-user/.local/lib/python3.7/site-packages/qiskit/__init__.py", line 128, in __getattr__
    ) from ex
qiskit.exceptions.MissingOptionalLibraryError: "The 'qiskit-aer' library is required to use 'Aer provider'. You can install it with 'pip install qiskit-aer'."
[ec2-user@ip-172-31-4-42 subroutines]$ pip install qiskit qiskit-aer
-bash: pip: command not found
[ec2-user@ip-172-31-4-42 subroutines]$ pip3 install qiskit qiskit-aer
Defaulting to user installation because normal site-packages is not writeable
Collecting qiskit
  Downloading qiskit-0.39.2.tar.gz (13 kB)
Collecting qiskit-aer
  Downloading qiskit_aer-0.11.1-cp37-cp37m-manylinux_2_17_x86_64.manylinux2014_x86_64.whl (19.2 MB)
     |████████████████████████████████| 19.2 MB 20.6 MB/s 
Requirement already satisfied: qiskit-terra==0.22.2 in /home/ec2-user/.local/lib/python3.7/site-packages (from qiskit) (0.22.2)
Collecting qiskit-ibmq-provider==0.19.2
  Downloading qiskit_ibmq_provider-0.19.2-py3-none-any.whl (240 kB)
     |████████████████████████████████| 240 kB 36.4 MB/s 
Requirement already satisfied: scipy>=1.0 in /home/ec2-user/.local/lib/python3.7/site-packages (from qiskit-aer) (1.7.3)
Requirement already satisfied: numpy>=1.16.3 in /home/ec2-user/.local/lib/python3.7/site-packages (from qiskit-aer) (1.21.6)
Requirement already satisfied: psutil>=5 in /home/ec2-user/.local/lib/python3.7/site-packages (from qiskit-terra==0.22.2->qiskit) (5.9.4)
Requirement already satisfied: symengine>=0.9; platform_machine == "x86_64" or platform_machine == "aarch64" or platform_machine == "ppc64le" or platform_machine == "amd64" or platform_machine == "arm64" in /home/ec2-user/.local/lib/python3.7/site-packages (from qiskit-terra==0.22.2->qiskit) (0.9.2)
Requirement already satisfied: ply>=3.10 in /home/ec2-user/.local/lib/python3.7/site-packages (from qiskit-terra==0.22.2->qiskit) (3.11)
Requirement already satisfied: dill>=0.3 in /home/ec2-user/.local/lib/python3.7/site-packages (from qiskit-terra==0.22.2->qiskit) (0.3.6)
Requirement already satisfied: shared-memory38; python_version < "3.8" in /home/ec2-user/.local/lib/python3.7/site-packages (from qiskit-terra==0.22.2->qiskit) (0.1.2)
Requirement already satisfied: retworkx>=0.11.0 in /home/ec2-user/.local/lib/python3.7/site-packages (from qiskit-terra==0.22.2->qiskit) (0.12.0)
Requirement already satisfied: stevedore>=3.0.0 in /home/ec2-user/.local/lib/python3.7/site-packages (from qiskit-terra==0.22.2->qiskit) (3.5.2)
Requirement already satisfied: python-dateutil>=2.8.0 in /home/ec2-user/.local/lib/python3.7/site-packages (from qiskit-terra==0.22.2->qiskit) (2.8.2)
Requirement already satisfied: typing-extensions; python_version < "3.8" in /home/ec2-user/.local/lib/python3.7/site-packages (from qiskit-terra==0.22.2->qiskit) (4.4.0)
Requirement already satisfied: tweedledum<2.0,>=1.1; python_version < "3.11" and (platform_machine != "arm64" or sys_platform != "darwin") in /home/ec2-user/.local/lib/python3.7/site-packages (from qiskit-terra==0.22.2->qiskit) (1.1.1)
Requirement already satisfied: sympy>=1.3 in /home/ec2-user/.local/lib/python3.7/site-packages (from qiskit-terra==0.22.2->qiskit) (1.10.1)
Requirement already satisfied: importlib-metadata<5.0; python_version < "3.8" in /home/ec2-user/.local/lib/python3.7/site-packages (from qiskit-terra==0.22.2->qiskit) (4.13.0)
Requirement already satisfied: requests-ntlm>=1.1.0 in /home/ec2-user/.local/lib/python3.7/site-packages (from qiskit-ibmq-provider==0.19.2->qiskit) (1.1.0)
Requirement already satisfied: websocket-client>=1.0.1 in /home/ec2-user/.local/lib/python3.7/site-packages (from qiskit-ibmq-provider==0.19.2->qiskit) (1.3.3)
Requirement already satisfied: requests>=2.19 in /home/ec2-user/.local/lib/python3.7/site-packages (from qiskit-ibmq-provider==0.19.2->qiskit) (2.28.1)
Requirement already satisfied: urllib3>=1.21.1 in /home/ec2-user/.local/lib/python3.7/site-packages (from qiskit-ibmq-provider==0.19.2->qiskit) (1.26.12)
Collecting websockets>=10.0; python_version >= "3.7"
  Downloading websockets-10.4-cp37-cp37m-manylinux_2_5_x86_64.manylinux1_x86_64.manylinux_2_17_x86_64.manylinux2014_x86_64.whl (106 kB)
     |████████████████████████████████| 106 kB 36.0 MB/s 
Requirement already satisfied: rustworkx==0.12.0 in /home/ec2-user/.local/lib/python3.7/site-packages (from retworkx>=0.11.0->qiskit-terra==0.22.2->qiskit) (0.12.0)
Requirement already satisfied: pbr!=2.1.0,>=2.0.0 in /home/ec2-user/.local/lib/python3.7/site-packages (from stevedore>=3.0.0->qiskit-terra==0.22.2->qiskit) (5.11.0)
Requirement already satisfied: six>=1.5 in /home/ec2-user/.local/lib/python3.7/site-packages (from python-dateutil>=2.8.0->qiskit-terra==0.22.2->qiskit) (1.16.0)
Requirement already satisfied: mpmath>=0.19 in /home/ec2-user/.local/lib/python3.7/site-packages (from sympy>=1.3->qiskit-terra==0.22.2->qiskit) (1.2.1)
Requirement already satisfied: zipp>=0.5 in /home/ec2-user/.local/lib/python3.7/site-packages (from importlib-metadata<5.0; python_version < "3.8"->qiskit-terra==0.22.2->qiskit) (3.10.0)
Requirement already satisfied: ntlm-auth>=1.0.2 in /home/ec2-user/.local/lib/python3.7/site-packages (from requests-ntlm>=1.1.0->qiskit-ibmq-provider==0.19.2->qiskit) (1.5.0)
Requirement already satisfied: cryptography>=1.3 in /home/ec2-user/.local/lib/python3.7/site-packages (from requests-ntlm>=1.1.0->qiskit-ibmq-provider==0.19.2->qiskit) (38.0.3)
Requirement already satisfied: idna<4,>=2.5 in /home/ec2-user/.local/lib/python3.7/site-packages (from requests>=2.19->qiskit-ibmq-provider==0.19.2->qiskit) (3.4)
Requirement already satisfied: charset-normalizer<3,>=2 in /home/ec2-user/.local/lib/python3.7/site-packages (from requests>=2.19->qiskit-ibmq-provider==0.19.2->qiskit) (2.1.1)
Requirement already satisfied: certifi>=2017.4.17 in /home/ec2-user/.local/lib/python3.7/site-packages (from requests>=2.19->qiskit-ibmq-provider==0.19.2->qiskit) (2022.9.24)
Requirement already satisfied: cffi>=1.12 in /home/ec2-user/.local/lib/python3.7/site-packages (from cryptography>=1.3->requests-ntlm>=1.1.0->qiskit-ibmq-provider==0.19.2->qiskit) (1.15.1)
Requirement already satisfied: pycparser in /home/ec2-user/.local/lib/python3.7/site-packages (from cffi>=1.12->cryptography>=1.3->requests-ntlm>=1.1.0->qiskit-ibmq-provider==0.19.2->qiskit) (2.21)
Using legacy 'setup.py install' for qiskit, since package 'wheel' is not installed.
Installing collected packages: qiskit-aer, websockets, qiskit-ibmq-provider, qiskit
    Running setup.py install for qiskit ... done
Successfully installed qiskit-0.39.2 qiskit-aer-0.11.1 qiskit-ibmq-provider-0.19.2 websockets-10.4
[ec2-user@ip-172-31-4-42 subroutines]$ python3 bell.py 

Total count for 00 and 11 are: {'00': 522, '11': 478}
[ec2-user@ip-172-31-4-42 subroutines]$ python3 
bell.py               linear_systems/       QAOA/                 QuantumWalk.py        
Bernstein_Vazirani/   minima_finding/       quantum_maximum_flow/ Shor/                 
Grover/               period_finding/       quantum_tomography/   
[ec2-user@ip-172-31-4-42 subroutines]$ python3 
bell.py               linear_systems/       QAOA/                 QuantumWalk.py        
Bernstein_Vazirani/   minima_finding/       quantum_maximum_flow/ Shor/                 
Grover/               period_finding/       quantum_tomography/   
[ec2-user@ip-172-31-4-42 subroutines]$ python3 QuantumWalk.py 
[ec2-user@ip-172-31-4-42 subroutines]$ logout
Connection to ec2-3-7-45-217.ap-south-1.compute.amazonaws.com closed.
~/Downloads ❯                                                                                                         3m 27s
